Flutter crash report.
Please report a bug at https://github.com/flutter/flutter/issues.

## command

flutter debug_adapter

## exception

RPCError: setIsolatePauseMode: (-32603) Unexpected DWDS error for setIsolatePauseMode: WipError -32000 Target crashed

```
#0      new _OutstandingRequest (package:vm_service/src/vm_service.dart:265:34)
#1      VmService._call.<anonymous closure> (package:vm_service/src/vm_service.dart:1921:25)
#2      VmService._call (package:vm_service/src/vm_service.dart:1933:8)
#3      VmService.setIsolatePauseMode (package:vm_service/src/vm_service.dart:1685:7)
#4      IsolateManager._sendExceptionPauseMode (package:dds/src/dap/isolate_manager.dart:1018:19)
#5      IsolateManager._configureIsolate (package:dds/src/dap/isolate_manager.dart:556:9)
#6      IsolateManager.registerIsolate (package:dds/src/dap/isolate_manager.dart:246:13)
#7      IsolateManager.handleEvent (package:dds/src/dap/isolate_manager.dart:189:13)
#8      DartDebugAdapter.handleIsolateEvent (package:dds/src/dap/adapters/dart.dart:2488:26)
<asynchronous suspension>
#9      DartDebugAdapter._withErrorHandling (package:dds/src/dap/adapters/dart.dart:2819:14)
<asynchronous suspension>
```

## flutter doctor

```
[✓] Flutter (Channel stable, 3.29.2, on Microsoft Windows [Versi¢n 10.0.19045.5737], locale es-AR) [356ms]
    • Flutter version 3.29.2 on channel stable at E:\flutter\flutter
    • Upstream repository https://github.com/flutter/flutter.git
    • Framework revision c236373904 (4 weeks ago), 2025-03-13 16:17:06 -0400
    • Engine revision 18b71d647a
    • Dart version 3.7.2
    • DevTools version 2.42.3

[✓] Windows Version (10 Home 64 bits, 22H2, 2009) [1.238ms]

[✓] Android toolchain - develop for Android devices (Android SDK version 35.0.1) [11,3s]
    • Android SDK at E:\IA rutina
    • Platform android-35, build-tools 35.0.1
    • Java binary at: E:\android\jbr\bin\java
      This is the JDK bundled with the latest Android Studio installation on this machine.
      To manually set the JDK path, use: `flutter config --jdk-dir="path/to/jdk"`.
    • Java version OpenJDK Runtime Environment (build 21.0.5+-13047016-b750.29)
    • All Android licenses accepted.

[✓] Chrome - develop for the web [12ms]
    • Chrome at C:\Program Files\Google\Chrome\Application\chrome.exe

[✓] Android Studio (version 2024.3) [10ms]
    • Android Studio at E:\android
    • Flutter plugin can be installed from:
      🔨 https://plugins.jetbrains.com/plugin/9212-flutter
    • Dart plugin can be installed from:
      🔨 https://plugins.jetbrains.com/plugin/6351-dart
    • Java version OpenJDK Runtime Environment (build 21.0.5+-13047016-b750.29)

[✓] VS Code (version 1.99.2) [8ms]
    • VS Code at C:\Users\jmgoi\AppData\Local\Programs\Microsoft VS Code
    • Flutter extension version 3.108.0

[✓] Connected device (2 available) [249ms]
    • Chrome (web) • chrome • web-javascript • Google Chrome 135.0.7049.85
    • Edge (web)   • edge   • web-javascript • Microsoft Edge 135.0.3179.54

[✓] Network resources [1.023ms]
    • All expected network resources are available.

• No issues found!
```
